TN:
SF:src\modules\appointments\services\CreateAppointmentService.ts
FN:14,(anonymous_18)
FN:15,CreateAppointmentService
FN:20,(anonymous_20)
FNF:3
FNH:3
FNDA:1,(anonymous_18)
FNDA:2,CreateAppointmentService
FNDA:3,(anonymous_20)
DA:1,1
DA:2,1
DA:4,1
DA:14,1
DA:17,2
DA:20,3
DA:21,3
DA:23,3
DA:27,3
DA:28,1
DA:31,2
DA:36,2
DA:38,1
DA:40,1
LF:14
LH:14
BRDA:27,0,0,1
BRDA:27,0,1,2
BRF:2
BRH:2
end_of_record
TN:
SF:src\modules\users\services\AuthenticateUserService.ts
FN:21,(anonymous_18)
FN:22,AuthenticateUserService
FN:29,(anonymous_20)
FN:58,(anonymous_23)
FNF:4
FNH:4
FNDA:1,(anonymous_18)
FNDA:3,AuthenticateUserService
FNDA:3,(anonymous_20)
FNDA:2,(anonymous_23)
DA:1,1
DA:2,1
DA:5,1
DA:6,1
DA:21,1
DA:24,3
DA:26,3
DA:29,3
DA:30,3
DA:32,3
DA:33,1
DA:36,2
DA:41,2
DA:42,1
DA:45,1
DA:47,1
DA:52,1
DA:58,1
DA:59,2
DA:61,1
DA:63,1
LF:21
LH:21
BRDA:30,0,0,3
BRDA:32,1,0,1
BRDA:32,1,1,2
BRDA:41,2,0,1
BRDA:41,2,1,1
BRF:5
BRH:5
end_of_record
TN:
SF:src\modules\users\services\CreateUserService.ts
FN:15,(anonymous_18)
FN:16,CreateUserService
FN:23,(anonymous_20)
FNF:3
FNH:3
FNDA:2,(anonymous_18)
FNDA:4,CreateUserService
FNDA:5,(anonymous_20)
DA:1,2
DA:3,2
DA:15,2
DA:18,4
DA:20,4
DA:23,5
DA:24,5
DA:26,5
DA:27,1
DA:30,4
DA:32,4
DA:38,4
DA:40,2
DA:42,2
LF:14
LH:14
BRDA:24,0,0,5
BRDA:26,1,0,1
BRDA:26,1,1,4
BRF:3
BRH:3
end_of_record
TN:
SF:src\modules\users\services\SendForgotPasswordEmailService.ts
FN:13,(anonymous_18)
FN:14,SendForgotPasswordEmailService
FN:25,(anonymous_20)
FNF:3
FNH:3
FNDA:1,(anonymous_18)
FNDA:3,SendForgotPasswordEmailService
FNDA:3,(anonymous_20)
DA:1,1
DA:4,1
DA:13,1
DA:16,3
DA:19,3
DA:22,3
DA:25,3
DA:26,3
DA:28,3
DA:29,1
DA:32,4
DA:34,4
DA:39,1
DA:41,1
LF:14
LH:14
BRDA:26,0,0,3
BRDA:28,1,0,1
BRDA:28,1,1,2
BRF:3
BRH:3
end_of_record
TN:
SF:src\modules\users\services\UpdateUserAvatarService.ts
FN:17,(anonymous_18)
FN:18,UpdateUserAvatarService
FN:23,(anonymous_20)
FNF:3
FNH:3
FNDA:1,(anonymous_18)
FNDA:3,UpdateUserAvatarService
FNDA:4,(anonymous_20)
DA:2,1
DA:7,1
DA:17,1
DA:19,3
DA:20,3
DA:23,4
DA:24,4
DA:26,4
DA:27,1
DA:30,5
DA:31,2
DA:34,3
DA:36,3
DA:38,6
DA:40,3
DA:42,1
DA:44,1
LF:17
LH:17
BRDA:24,0,0,4
BRDA:24,0,1,3
BRDA:26,1,0,1
BRDA:26,1,1,3
BRDA:30,2,0,2
BRDA:30,2,1,1
BRF:6
BRH:6
end_of_record
